MPASM 5.87  /HOME/CYRILS/MPLABXPROJECTS/PIC_   2-8-2024  22:05:09         PAGE  1


LOC  OBJECT CODE     LINE SOURCE TEXT
  VALUE

                      00001 ;Uloha26.asm
                      00002 ;Pomocí P1 plynule nastavujte barvu RGB LED (R-G-B-R) a pomocí P2 její jas
                      00003 ;Zaklad pro psani vlastnich programu
                      00004     list        p=16F1508
                      00005     #include    "p16f1508.inc"
                      00001         LIST
                      00002 
                      00003 ;==========================================================================
                      00004 ; Build date : Jan 06 2020
                      00005 ;  MPASM PIC16F1508 processor include
                      00006 ; 
                      00007 ;  (c) Copyright 1999-2020 Microchip Technology, All rights reserved
                      00008 ;==========================================================================
                      00009 
                      01953         LIST
                      00006 
                      00007 #define LED1 PWM1DCH
                      00008 #define LED2 PWM2DCH
                      00009 #define LED3 PWM3DCH
                      00010 
                      00011     
8007   09E4           00012     __CONFIG _CONFIG1, _FOSC_INTOSC & _WDTE_OFF & _PWRTE_OFF & _MCLRE_ON & _CP_OFF & _BOREN_OFF & _CLKOU
                            TEN_OFF & _IESO_OFF & _FCMEN_OFF
                      00013 
8008   3FFF           00014     __CONFIG _CONFIG2, _WRT_OFF & _STVREN_ON & _BORV_LO & _LPBOR_OFF & _LVP_ON
                      00015 
                      00016 
                      00017 ;VARIABLE DEFINITIONS
                      00018 ;COMMON RAM 0x70 to 0x7F
                      00019     CBLOCK      0x70
  00000070            00020         temp
  00000071            00021         temp2
  00000072            00022         range
  00000073            00023         Section1_ON
  00000074            00024         Section2_ON
  00000075            00025         Section3_ON
  00000076            00026         prevP1_H        
  00000077            00027         prevP1_L
  00000078            00028         prevP2_H
  00000079            00029         prevP2_L
  0000007A            00030         counter
  0000007B            00031         brightness
  0000007C            00032         red
  0000007D            00033         green
  0000007E            00034         blue
                      00035         
                      00036         
                      00037     ENDC
                      00038     
                      00039 ;**********************************************************************
                      00040         ORG     0x00
0000   2???           00041         goto    Start
                      00042         
MPASM 5.87  /HOME/CYRILS/MPLABXPROJECTS/PIC_   2-8-2024  22:05:09         PAGE  2


LOC  OBJECT CODE     LINE SOURCE TEXT
  VALUE

                      00043         ORG     0x04
0004   0000           00044         nop                     ;pripraveno pro obsluhu preruseni
0005   0009           00045         retfie
                      00046         
0006                  00047 Start   
0006   0021           00048         movlb   .1              ;Bank1
0007   3068           00049         movlw   b'01101000'     ;4MHz Medium
Message[302]: Register in operand not in bank 0.  Ensure that bank bits are correct.
0008   0099           00050         movwf   OSCCON          ;nastaveni hodin
                      00051 
0009   2???           00052         call    Config_IOs      ;vola nastaveni pinu
                      00053         
                      00054         
                      00055         ;config AD Prevodniku
000A   0021           00056         movlb .1
000B   3028           00057         movlw   b'00101000'     ;P2 = AN10
Message[302]: Register in operand not in bank 0.  Ensure that bank bits are correct.
000C   009D           00058         movwf   ADCON0
000D   3070           00059         movlw   b'01110000'     ;leftAlig, FRC, VDD
Message[302]: Register in operand not in bank 0.  Ensure that bank bits are correct.
000E   009E           00060         movwf   ADCON1
Message[302]: Register in operand not in bank 0.  Ensure that bank bits are correct.
000F   019F           00061         clrf    ADCON2          ;single conv.
Message[302]: Register in operand not in bank 0.  Ensure that bank bits are correct.
0010   141D           00062         bsf     ADCON0,ADON     ;zapnout ADC
                      00063         
                      00064         ;config TMR2
0011   0020           00065         movlb   .0              ;Banka0 s TMR2
0012   019C           00066         clrf    T2CON           ;1:1 pre, 1:1 post prescalor
0013   019A           00067         clrf    TMR2            ;vynulovat citac na 0 postscalor
0014   30FF           00068         movlw   0xFF            ;(4000000/4)/256 = 3906.25 Hz   pro oko neviditelne
0015   009B           00069         movwf   PR2             ;nastavit na max. hodnotu
0016   151C           00070         bsf     T2CON,TMR2ON    ;po nastaveni vseho zapnout TMR2
                      00071         
                      00072         ;config PWM3! ne PWM1
0017   002C           00073         movlb   .12             ;PWM moduly v Bance 12
Message[302]: Register in operand not in bank 0.  Ensure that bank bits are correct.
0018   0198           00074         clrf    PWM3DCH
Message[302]: Register in operand not in bank 0.  Ensure that bank bits are correct.
0019   0197           00075         clrf    PWM3DCL
Message[302]: Register in operand not in bank 0.  Ensure that bank bits are correct.
001A   1719           00076         bsf     PWM3CON,PWM3OE  ;povolit vystup signalu na pin (Output enable)
Message[302]: Register in operand not in bank 0.  Ensure that bank bits are correct.
001B   1799           00077         bsf     PWM3CON,PWM3EN  ;spustit PWM3
                      00078         ;config PWM1
Message[302]: Register in operand not in bank 0.  Ensure that bank bits are correct.
001C   0192           00079         clrf    PWM1DCH
Message[302]: Register in operand not in bank 0.  Ensure that bank bits are correct.
001D   0191           00080         clrf    PWM1DCL
Message[302]: Register in operand not in bank 0.  Ensure that bank bits are correct.
001E   1713           00081         bsf     PWM1CON,PWM1OE  ;povolit vystup signalu na pin (Output enable)
Message[302]: Register in operand not in bank 0.  Ensure that bank bits are correct.
001F   1793           00082         bsf     PWM1CON,PWM1EN  ;spustit PWM1
MPASM 5.87  /HOME/CYRILS/MPLABXPROJECTS/PIC_   2-8-2024  22:05:09         PAGE  3


LOC  OBJECT CODE     LINE SOURCE TEXT
  VALUE

                      00083         ;config PWM2
Message[302]: Register in operand not in bank 0.  Ensure that bank bits are correct.
0020   0195           00084         clrf    PWM2DCH
Message[302]: Register in operand not in bank 0.  Ensure that bank bits are correct.
0021   0194           00085         clrf    PWM2DCL
Message[302]: Register in operand not in bank 0.  Ensure that bank bits are correct.
0022   1716           00086         bsf     PWM2CON,PWM2OE  ;povolit vystup signalu na pin (Output enable)
Message[302]: Register in operand not in bank 0.  Ensure that bank bits are correct.
0023   1796           00087         bsf     PWM2CON,PWM2EN  ;spustit PWM1
                      00088         
                      00089         ;neprime adresovani
0024   3006           00090         movlw   0x06       ; Adresa PWM3DH = 0x0612
0025   0085           00091         movwf   FSR0H      
0026   3018           00092         movlw   0x18
0027   0084           00093         movwf   FSR0L      ; Control PWM3DCH ;ovlada vykon a svit
0028   0020           00094         movlb   .0              ;Banka0 s PORT
                      00095                         
0029                  00096 Loop    ;Hlavni smycka 
                      00097         ;Read P1 and P2 
                      00098         ;Barva = Potenciometer 1
0029   2???           00099         call    ReadP1  ;PRecte Potenciometr 1 a vysledek ulozi do prevP1_H a prevP1_L
                      00100         ;call   MapToRGB ;Preved 10-bit vysledek ADC na 8-bit.
002A   2???           00101         call    SetRGB  ;Nastav barvu dle rozsahu Potenciometru
                      00102         
                      00103         ;Jas = Potenciometer 2 
002B   2???           00104         call    ReadP2
002C   2???           00105         call    setBrightness;Nastav Jas dle hodnoty prevP2_H u zapnutých LED
                      00106         
002D   2???           00107         goto    Loop
                      00108 
002E                  00109 ReadP1
                      00110         ;start ADC prevodniku
                      00111         
002E   0021           00112         movlb   .1              ;Banka1 s ADC
002F   3019           00113         movlw   b'00011001'     ;P1 = AN6
Message[302]: Register in operand not in bank 0.  Ensure that bank bits are correct.
0030   009D           00114         movwf   ADCON0          ;nastav cteni z P1
Message[302]: Register in operand not in bank 0.  Ensure that bank bits are correct.
0031   149D           00115         bsf     ADCON0,GO       ;start A/D prevodu
Message[302]: Register in operand not in bank 0.  Ensure that bank bits are correct.
0032   189D           00116         btfsc   ADCON0,GO       ;A/D prevod skoncen?
0033   2???           00117         goto    $-1             ;pokud ne, navrat o radek vyse
                      00118         
                      00119         ;10-bit binary result via successive approximation and stores the conversion result into the
                      00120         ;ADC result registers (ADRESH:ADRESL register pair).
Message[302]: Register in operand not in bank 0.  Ensure that bank bits are correct.
0034   081C           00121         movf    ADRESH,W
0035   00F6           00122         movwf   prevP1_H ;uloz horních 8 bit? do prevP1_H
                      00123         
Message[302]: Register in operand not in bank 0.  Ensure that bank bits are correct.
0036   081B           00124         movf    ADRESL,W
0037   00F7           00125         movwf   prevP1_L ;uloz spodní 2 bity do prevP1_L
                      00126         
MPASM 5.87  /HOME/CYRILS/MPLABXPROJECTS/PIC_   2-8-2024  22:05:09         PAGE  4


LOC  OBJECT CODE     LINE SOURCE TEXT
  VALUE

0038   0008           00127         return
0039                  00128 ReadP2
0039   0021           00129         movlb   .1              ;Banka1 s ADC
003A   3029           00130         movlw    b'00101001'    ;P2 = AN10
Message[302]: Register in operand not in bank 0.  Ensure that bank bits are correct.
003B   009D           00131         movwf   ADCON0
Message[302]: Register in operand not in bank 0.  Ensure that bank bits are correct.
003C   149D           00132         bsf     ADCON0,GO       ;start A/D prevodu
Message[302]: Register in operand not in bank 0.  Ensure that bank bits are correct.
003D   189D           00133         btfsc   ADCON0,GO       ;A/D prevod skoncen?
003E   2???           00134         goto    $-1             ;pokud ne, navrat o radek vyse
                      00135         
Message[302]: Register in operand not in bank 0.  Ensure that bank bits are correct.
003F   081C           00136         movf    ADRESH,W
0040   00F8           00137         movwf   prevP2_H
Message[302]: Register in operand not in bank 0.  Ensure that bank bits are correct.
0041   081C           00138         movf    ADRESH,W
0042   00F9           00139         movwf   prevP2_L
0043   0008           00140         return
                      00141 
0044                  00142 MapToRGB
                      00143         ; 10bitovou hodnotu na 8bitovou (0-255) pro jednoduchost
0044   0876           00144         movf    prevP1_H,W
0045   00F0           00145         movwf   temp
0046   0CF0           00146         rrf     temp,F
0047   00F7           00147         movwf   prevP1_L
0048   0870           00148         movf    temp,W
0049   0CF0           00149         rrf     temp,F
004A   00F6           00150         movwf   prevP1_H
                      00151         ;8bitovou hodnotu je v prevP1_H a prevP1_L
                      00152         
004B   0008           00153         return
                      00154         
004C                  00155 SetRGB
004C   002C           00156         movlb   .12 ;Banka 12 ss PWM
                      00157         
004D   0876           00158         movf    prevP1_H,W
004E   00F0           00159         movwf   temp
                      00160         
                      00161         ; Rozd?lení hodnoty z potenciometru 1 na ctyri casti(256/4) = 64
004F   3040           00162         movlw   .64
0050   00F2           00163         movwf   range
                      00164    
0051   0876           00165         movf    prevP1_H,W
0052   0272           00166         subwf   range,W
0053   1803           00167         btfsc   STATUS,C
0054   2???           00168         goto    Section1
                      00169         
                      00170         ;Green range
0055   0876           00171         movf    prevP1_H,W
0056   0772           00172         addwf   range,W
0057   1C03           00173         btfss   STATUS,C
0058   2???           00174         goto    Section2
MPASM 5.87  /HOME/CYRILS/MPLABXPROJECTS/PIC_   2-8-2024  22:05:09         PAGE  5


LOC  OBJECT CODE     LINE SOURCE TEXT
  VALUE

                      00175         
                      00176         ;Blue range
0059   2???           00177         goto    Section3
                      00178 
005A                  00179 Section1
                      00180         ;Turn on / off LED var
005A   1073           00181         bcf     Section1_ON,0
005B   1474           00182         bsf     Section2_ON,0
005C   1475           00183         bsf     Section3_ON,0
                      00184         
005D   0876           00185         movf    prevP1_H,W ; Reset temp na p?vodní hodnotu
005E   00F0           00186         movwf   temp
                      00187         
005F   0272           00188         subwf   range,W
                      00189         
0060   00FC           00190         movwf   red
Message[302]: Register in operand not in bank 0.  Ensure that bank bits are correct.
0061   0092           00191         movwf   PWM1DCH
                      00192         
0062   0272           00193         subwf   range,W
0063   00FD           00194         movwf   green
Message[302]: Register in operand not in bank 0.  Ensure that bank bits are correct.
0064   0095           00195         movwf   PWM2DCH
                      00196         
                      00197         ;Blue vypnuto
0065   01FE           00198         clrf    blue
Message[302]: Register in operand not in bank 0.  Ensure that bank bits are correct.
0066   0198           00199         clrf    PWM3DCH
Message[302]: Register in operand not in bank 0.  Ensure that bank bits are correct.
0067   0197           00200         clrf    PWM3DCL
                      00201         
0068   0008           00202         return
                      00203         
0069                  00204 Section2
                      00205         ;Turn on / off LED var
0069   1074           00206         bcf     Section2_ON,0
006A   1473           00207         bsf     Section1_ON,0
006B   1475           00208         bsf     Section3_ON,0
                      00209         
006C   0876           00210         movf    prevP1_H,W 
006D   00F0           00211         movwf   temp
006E   0272           00212         subwf   range,W
                      00213         
006F   3C54           00214         sublw   .84
0070   00F1           00215         movwf   temp2 ; Ulo?ení do?asné hodnoty
                      00216 
                      00217         ; Lineární zvý?ení hodnoty blue
0071   3054           00218         movlw   .84
0072   0271           00219         subwf   temp2,W
0073   00FE           00220         movwf   blue
Message[302]: Register in operand not in bank 0.  Ensure that bank bits are correct.
0074   0098           00221         movwf   PWM3DCH
                      00222         
MPASM 5.87  /HOME/CYRILS/MPLABXPROJECTS/PIC_   2-8-2024  22:05:09         PAGE  6


LOC  OBJECT CODE     LINE SOURCE TEXT
  VALUE

                      00223         ; Lineární sní?ení hodnoty green
0075   0870           00224         movf    temp,W
0076   3C40           00225         sublw   .64
0077   00F0           00226         movwf   temp
0078   3080           00227         movlw   .128
0079   0270           00228         subwf   temp,W
007A   00FD           00229         movwf   green
Message[302]: Register in operand not in bank 0.  Ensure that bank bits are correct.
007B   0095           00230         movwf   PWM2DCH
                      00231         
                      00232         ;Red vypnutu
007C   01FC           00233         clrf    red
Message[302]: Register in operand not in bank 0.  Ensure that bank bits are correct.
007D   0192           00234         clrf    PWM1DCH
Message[302]: Register in operand not in bank 0.  Ensure that bank bits are correct.
007E   0191           00235         clrf    PWM1DCL
                      00236         
007F   0008           00237         return
0080                  00238 Section3
                      00239         ;Turn on / off LED var
0080   1075           00240         bcf     Section3_ON,0
0081   1473           00241         bsf     Section1_ON,0
0082   1474           00242         bsf     Section2_ON,0
                      00243         
                      00244         ;Lineární zvyseni hodnoty red
0083   0876           00245         movf    prevP1_H,W 
0084   00F0           00246         movwf   temp
                      00247         
0085   3C55           00248         sublw   .85
0086   0272           00249         subwf   range,W
0087   30BE           00250         movlw   .190
0088   0270           00251         subwf   temp,W
0089   00FC           00252         movwf   red
Message[302]: Register in operand not in bank 0.  Ensure that bank bits are correct.
008A   0092           00253         movwf   PWM1DCH
                      00254         
                      00255         ; Lineární snizeni hodnoty blue
008B   0870           00256         movf    temp,W
008C   3C40           00257         sublw   .64
008D   00F0           00258         movwf   temp
008E   3C82           00259         sublw   .130
008F   0270           00260         subwf   temp,W
0090   00FE           00261         movwf   blue
Message[302]: Register in operand not in bank 0.  Ensure that bank bits are correct.
0091   0098           00262         movwf   PWM3DCH
                      00263         
                      00264         ;Green
0092   01FD           00265         clrf    green
Message[302]: Register in operand not in bank 0.  Ensure that bank bits are correct.
0093   0195           00266         clrf    PWM2DCH
Message[302]: Register in operand not in bank 0.  Ensure that bank bits are correct.
0094   0194           00267         clrf    PWM2DCL
0095   0008           00268         return
MPASM 5.87  /HOME/CYRILS/MPLABXPROJECTS/PIC_   2-8-2024  22:05:09         PAGE  7


LOC  OBJECT CODE     LINE SOURCE TEXT
  VALUE

                      00269 
0096                  00270 setBrightness
0096   002C           00271         movlb   .12 ;Banka 12 ss PWM
0097   0878           00272         movf    prevP2_H,W ;Hornich 8 bit z P2
                      00273         
                      00274         ;Vypocet procentualní hodnoty Jasu
0098   3064           00275         movlw   .100    ;maximalni procentualni hodnota
0099   00FA           00276         movwf   counter
009A   01FB           00277         clrf    brightness
                      00278         
009B                  00279 MultiplyLoop
009B   07FB           00280         addwf   brightness,F ;Pridame hodnotu potenciometru 2 k procentualni hodnote
009C   0BFA           00281         decfsz  counter,F ;Dekrementujeme pocitadlo, skip if zero
009D   2???           00282         goto    MultiplyLoop ;Pokud pocitadlo neni nula, opakujeme cyklus
                      00283         
                      00284         ;Zvysovani jasu dle sekce v ktere se nachazime
009E   1C73           00285         btfss   Section1_ON,0 ;Pokud je sepnuta nastav jas konrektnich barev
009F   2???           00286         goto    Section1Br
                      00287         
00A0   1C74           00288         btfss   Section2_ON,0
00A1   2???           00289         goto    Section2Br
                      00290         
00A2   1C75           00291         btfss   Section3_ON,0
00A3   2???           00292         goto    Section3Br
00A4   0008           00293         return
                      00294         
00A5                  00295 Section1Br
                      00296          ; Check if LED2 is on
00A5   087D           00297         movf    green,W
00A6   1903           00298         btfsc   STATUS,Z    ;LED2 is off increase RED
00A7   2???           00299         goto    IncreaseRedBr
                      00300         
                      00301         ; Green is on increase brightness
00A8   0878           00302         movf    prevP2_H,W
Message[305]: Using default destination of 1 (file).
00A9   07FB           00303         addwf   brightness
Message[302]: Register in operand not in bank 0.  Ensure that bank bits are correct.
00AA   0095           00304         movwf   PWM2DCH
                      00305         
00AB                  00306 IncreaseRedBr
                      00307         ;Red is on decrease brightness
00AB   0878           00308         movf    prevP2_H,W
Message[305]: Using default destination of 1 (file).
00AC   07FB           00309         addwf   brightness
Message[302]: Register in operand not in bank 0.  Ensure that bank bits are correct.
00AD   0092           00310         movwf   PWM1DCH
00AE   0008           00311         return
                      00312         
00AF                  00313 Section2Br
                      00314         ; Check if LED3 is on
00AF   087E           00315         movf    blue,W
00B0   1903           00316         btfsc   STATUS,Z
00B1   2???           00317         goto    IncreaseGreenB
MPASM 5.87  /HOME/CYRILS/MPLABXPROJECTS/PIC_   2-8-2024  22:05:09         PAGE  8


LOC  OBJECT CODE     LINE SOURCE TEXT
  VALUE

                      00318         
00B2   0878           00319         movf    prevP2_H,W
Message[305]: Using default destination of 1 (file).
00B3   07FB           00320         addwf   brightness
Message[302]: Register in operand not in bank 0.  Ensure that bank bits are correct.
00B4   0098           00321         movwf   PWM3DCH
                      00322         
00B5                  00323 IncreaseGreenB
00B5   0878           00324         movf    prevP2_H,W
Message[305]: Using default destination of 1 (file).
00B6   07FB           00325         addwf   brightness
Message[302]: Register in operand not in bank 0.  Ensure that bank bits are correct.
00B7   0095           00326         movwf   PWM2DCH
00B8   0008           00327         return
                      00328         
00B9                  00329 Section3Br
                      00330         ;Check if LED3 is on
00B9   087E           00331         movf    blue,W
00BA   1903           00332         btfsc   STATUS,Z
00BB   2???           00333         goto    IncreaseRedBr
                      00334         
00BC   0878           00335         movf    prevP2_H,W
Message[305]: Using default destination of 1 (file).
00BD   02FB           00336         subwf   brightness
Message[305]: Using default destination of 1 (file).
Message[302]: Register in operand not in bank 0.  Ensure that bank bits are correct.
00BE   0798           00337         addwf   PWM3DCH
                      00338         
00BF   0008           00339         return
                      00340    #include     "Config_IOs.inc"
00C0                  00001 Config_IOs      ;config BT1 RA4, BT2 RA5, P1 RC2 (AN6), P2 RB4 (AN10) and LED1-3 RC5 RC3 RA2
00C0   0022           00002         movlb   .2              ;Bank2
Message[302]: Register in operand not in bank 0.  Ensure that bank bits are correct.
00C1   018C           00003         clrf    LATA
Message[302]: Register in operand not in bank 0.  Ensure that bank bits are correct.
00C2   018D           00004         clrf    LATB
Message[302]: Register in operand not in bank 0.  Ensure that bank bits are correct.
00C3   018E           00005         clrf    LATC
00C4   0023           00006         movlb   .3              ;Bank3
00C5   3000           00007         movlw   b'00000000'
Message[302]: Register in operand not in bank 0.  Ensure that bank bits are correct.
00C6   008C           00008         movwf   ANSELA          ;digital IO
00C7   3010           00009         movlw   b'00010000'
Message[302]: Register in operand not in bank 0.  Ensure that bank bits are correct.
00C8   008D           00010         movwf   ANSELB          ;digital IO, except RB4
00C9   3004           00011         movlw   b'00000100'
Message[302]: Register in operand not in bank 0.  Ensure that bank bits are correct.
00CA   008E           00012         movwf   ANSELC          ;digital IO, except RC2
00CB   0021           00013         movlb   .1              ;Bank1
00CC   30FB           00014         movlw   b'11111011'
Message[302]: Register in operand not in bank 0.  Ensure that bank bits are correct.
00CD   008C           00015         movwf   TRISA
00CE   303F           00016         movlw   b'00111111'
MPASM 5.87  /HOME/CYRILS/MPLABXPROJECTS/PIC_   2-8-2024  22:05:09         PAGE  9


LOC  OBJECT CODE     LINE SOURCE TEXT
  VALUE

Message[302]: Register in operand not in bank 0.  Ensure that bank bits are correct.
00CF   008D           00017         movwf   TRISB
00D0   3015           00018         movlw   b'00010101'
Message[302]: Register in operand not in bank 0.  Ensure that bank bits are correct.
00D1   008E           00019         movwf   TRISC
00D2   0008           00020         return
                      00021 
                      00022 
                      00023         
                      00024         
                      00025         
                      00026         
                      00027         
                      00341                 
09E4 3FFF             00342         END
MPASM 5.87  /HOME/CYRILS/MPLABXPROJECTS/PIC_   2-8-2024  22:05:09         PAGE 10


SYMBOL TABLE
  LABEL                             VALUE 

ABDEN                             00000000
ABDOVF                            00000007
ACKDT                             00000005
ACKEN                             00000004
ACKSTAT                           00000006
ACKTIM                            00000007
ADCON0                            0000009D
ADCON1                            0000009E
ADCON2                            0000009F
ADDEN                             00000003
ADFM                              00000007
ADFVR0                            00000000
ADFVR1                            00000001
ADGO                              00000001
ADIE                              00000006
ADIF                              00000006
ADON                              00000000
ADPREF0                           00000000
ADPREF1                           00000001
ADRES                             0000009B
ADRESH                            0000009C
ADRESL                            0000009B
AHEN                              00000001
ANSA0                             00000000
ANSA1                             00000001
ANSA2                             00000002
ANSA4                             00000004
ANSB4                             00000004
ANSB5                             00000005
ANSC0                             00000000
ANSC1                             00000001
ANSC2                             00000002
ANSC3                             00000003
ANSC6                             00000006
ANSC7                             00000007
ANSELA                            0000018C
ANSELB                            0000018D
ANSELC                            0000018E
APFCON                            0000011D
BAUDCON                           0000019F
BCL1IE                            00000003
BCL1IF                            00000003
BF                                00000000
BKA0                              00000000
BKA1                              00000001
BKA10                             00000002
BKA11                             00000003
BKA12                             00000004
BKA13                             00000005
BKA14                             00000006
BKA2                              00000002
BKA3                              00000003
BKA4                              00000004
MPASM 5.87  /HOME/CYRILS/MPLABXPROJECTS/PIC_   2-8-2024  22:05:09         PAGE 11


SYMBOL TABLE
  LABEL                             VALUE 

BKA5                              00000005
BKA6                              00000006
BKA7                              00000007
BKA8                              00000000
BKA9                              00000001
BKEN                              00000007
BKHLT                             00000000
BOEN                              00000004
BORCON                            00000116
BORFS                             00000006
BORRDY                            00000000
BRG16                             00000003
BRGH                              00000002
BSR                               00000008
BSR0                              00000000
BSR1                              00000001
BSR2                              00000002
BSR3                              00000003
BSR4                              00000004
BSRICDSHAD                        00000FE3
BSR_SHAD                          00000FE6
C                                 00000000
C1HYS                             00000001
C1IE                              00000005
C1IF                              00000005
C1INTN                            00000006
C1INTP                            00000007
C1NCH0                            00000000
C1NCH1                            00000001
C1NCH2                            00000002
C1OE                              00000005
C1ON                              00000007
C1OUT                             00000006
C1PCH0                            00000004
C1PCH1                            00000005
C1POL                             00000004
C1SP                              00000002
C1SYNC                            00000000
C2HYS                             00000001
C2IE                              00000006
C2IF                              00000006
C2INTN                            00000006
C2INTP                            00000007
C2NCH0                            00000000
C2NCH1                            00000001
C2NCH2                            00000002
C2OE                              00000005
C2ON                              00000007
C2OUT                             00000006
C2PCH0                            00000004
C2PCH1                            00000005
C2POL                             00000004
C2SP                              00000002
MPASM 5.87  /HOME/CYRILS/MPLABXPROJECTS/PIC_   2-8-2024  22:05:09         PAGE 12


SYMBOL TABLE
  LABEL                             VALUE 

C2SYNC                            00000000
CDAFVR0                           00000002
CDAFVR1                           00000003
CFGS                              00000006
CHS0                              00000002
CHS1                              00000003
CHS2                              00000004
CHS3                              00000005
CHS4                              00000006
CKE                               00000006
CKP                               00000004
CLC1CON                           00000F10
CLC1GLS0                          00000F14
CLC1GLS1                          00000F15
CLC1GLS2                          00000F16
CLC1GLS3                          00000F17
CLC1IE                            00000000
CLC1IF                            00000000
CLC1POL                           00000F11
CLC1SEL                           00000001
CLC1SEL0                          00000F12
CLC1SEL1                          00000F13
CLC2CON                           00000F18
CLC2GLS0                          00000F1C
CLC2GLS1                          00000F1D
CLC2GLS2                          00000F1E
CLC2GLS3                          00000F1F
CLC2IE                            00000001
CLC2IF                            00000001
CLC2POL                           00000F19
CLC2SEL0                          00000F1A
CLC2SEL1                          00000F1B
CLC3CON                           00000F20
CLC3GLS0                          00000F24
CLC3GLS1                          00000F25
CLC3GLS2                          00000F26
CLC3GLS3                          00000F27
CLC3IE                            00000002
CLC3IF                            00000002
CLC3POL                           00000F21
CLC3SEL0                          00000F22
CLC3SEL1                          00000F23
CLC4CON                           00000F28
CLC4GLS0                          00000F2C
CLC4GLS1                          00000F2D
CLC4GLS2                          00000F2E
CLC4GLS3                          00000F2F
CLC4IE                            00000003
CLC4IF                            00000003
CLC4POL                           00000F29
CLC4SEL0                          00000F2A
CLC4SEL1                          00000F2B
CLCDATA                           00000F0F
MPASM 5.87  /HOME/CYRILS/MPLABXPROJECTS/PIC_   2-8-2024  22:05:09         PAGE 13


SYMBOL TABLE
  LABEL                             VALUE 

CM1CON0                           00000111
CM1CON1                           00000112
CM2CON0                           00000113
CM2CON1                           00000114
CMOUT                             00000115
CREN                              00000004
CSRC                              00000007
CWG1CON0                          00000693
CWG1CON1                          00000694
CWG1CON2                          00000695
CWG1DBF                           00000692
CWG1DBF0                          00000000
CWG1DBF1                          00000001
CWG1DBF2                          00000002
CWG1DBF3                          00000003
CWG1DBF4                          00000004
CWG1DBF5                          00000005
CWG1DBR                           00000691
CWG1DBR0                          00000000
CWG1DBR1                          00000001
CWG1DBR2                          00000002
CWG1DBR3                          00000003
CWG1DBR4                          00000004
CWG1DBR5                          00000005
C_SHAD                            00000000
Config_IOs                        000000C0
D1N                               00000000
D1S0                              00000000
D1S1                              00000001
D1S2                              00000002
D1T                               00000001
D2N                               00000002
D2S0                              00000004
D2S1                              00000005
D2S2                              00000006
D2T                               00000003
D3N                               00000004
D3S0                              00000000
D3S1                              00000001
D3S2                              00000002
D3T                               00000005
D4N                               00000006
D4S0                              00000004
D4S1                              00000005
D4S2                              00000006
D4T                               00000007
DACCON0                           00000118
DACCON1                           00000119
DACEN                             00000007
DACOE1                            00000005
DACOE2                            00000004
DACPSS                            00000002
DACR0                             00000000
MPASM 5.87  /HOME/CYRILS/MPLABXPROJECTS/PIC_   2-8-2024  22:05:09         PAGE 14


SYMBOL TABLE
  LABEL                             VALUE 

DACR1                             00000001
DACR2                             00000002
DACR3                             00000003
DACR4                             00000004
DBGIN0                            00000000
DBGIN1                            00000001
DBGIN10                           00000002
DBGIN11                           00000003
DBGIN12                           00000004
DBGIN13                           00000005
DBGIN2                            00000002
DBGIN3                            00000003
DBGIN4                            00000004
DBGIN5                            00000005
DBGIN6                            00000006
DBGIN7                            00000007
DBGIN8                            00000000
DBGIN9                            00000001
DBGINEX                           00000003
DC                                00000001
DC_SHAD                           00000001
DEVSEL                            00000F95
DEVSEL0                           00000000
DEVSEL1                           00000001
DEVSEL2                           00000002
DHEN                              00000000
D_NOT_A                           00000005
F                                 00000001
FERR                              00000002
FREE                              00000004
FREEZ                             00000006
FSR0                              00000004
FSR0H                             00000005
FSR0H_SHAD                        00000FE9
FSR0L                             00000004
FSR0L_SHAD                        00000FE8
FSR1                              00000006
FSR1H                             00000007
FSR1H_SHAD                        00000FEB
FSR1L                             00000006
FSR1L_SHAD                        00000FEA
FVRCON                            00000117
FVREN                             00000007
FVRRDY                            00000006
G1ARSEN                           00000006
G1ASDLA0                          00000004
G1ASDLA1                          00000005
G1ASDLB0                          00000006
G1ASDLB1                          00000007
G1ASDSC1                          00000002
G1ASDSC2                          00000003
G1ASDSCLC2                        00000000
G1ASDSFLT                         00000001
MPASM 5.87  /HOME/CYRILS/MPLABXPROJECTS/PIC_   2-8-2024  22:05:09         PAGE 15


SYMBOL TABLE
  LABEL                             VALUE 

G1ASE                             00000007
G1CS0                             00000000
G1EN                              00000007
G1IS0                             00000000
G1IS1                             00000001
G1IS2                             00000002
G1OEA                             00000005
G1OEB                             00000006
G1POL                             00000000
G1POLA                            00000003
G1POLB                            00000004
G2POL                             00000001
G3POL                             00000002
G4D1N                             00000000
G4D1T                             00000001
G4D2N                             00000002
G4D2T                             00000003
G4D3N                             00000004
G4D3T                             00000005
G4D4N                             00000006
G4D4T                             00000007
G4POL                             00000003
GCEN                              00000007
GIE                               00000007
GO                                00000001
GO_NOT_DONE                       00000001
HFIOFR                            00000004
HFIOFS                            00000000
ICDBK0CON                         00000F9C
ICDBK0H                           00000F9E
ICDBK0L                           00000F9D
ICDCON0                           00000F8D
ICDINSTH                          00000F97
ICDINSTL                          00000F96
ICDIO                             00000F8C
ICDSTAT                           00000F91
INBUG                             00000007
INDF0                             00000000
INDF1                             00000001
INTCON                            0000000B
INTE                              00000004
INTEDG                            00000006
INTF                              00000001
IOCAF                             00000393
IOCAF0                            00000000
IOCAF1                            00000001
IOCAF2                            00000002
IOCAF3                            00000003
IOCAF4                            00000004
IOCAF5                            00000005
IOCAN                             00000392
IOCAN0                            00000000
IOCAN1                            00000001
MPASM 5.87  /HOME/CYRILS/MPLABXPROJECTS/PIC_   2-8-2024  22:05:09         PAGE 16


SYMBOL TABLE
  LABEL                             VALUE 

IOCAN2                            00000002
IOCAN3                            00000003
IOCAN4                            00000004
IOCAN5                            00000005
IOCAP                             00000391
IOCAP0                            00000000
IOCAP1                            00000001
IOCAP2                            00000002
IOCAP3                            00000003
IOCAP4                            00000004
IOCAP5                            00000005
IOCBF                             00000396
IOCBF4                            00000004
IOCBF5                            00000005
IOCBF6                            00000006
IOCBF7                            00000007
IOCBN                             00000395
IOCBN4                            00000004
IOCBN5                            00000005
IOCBN6                            00000006
IOCBN7                            00000007
IOCBP                             00000394
IOCBP4                            00000004
IOCBP5                            00000005
IOCBP6                            00000006
IOCBP7                            00000007
IOCIE                             00000003
IOCIF                             00000000
IRCF0                             00000003
IRCF1                             00000004
IRCF2                             00000005
IRCF3                             00000006
IncreaseGreenB                    000000B5
IncreaseRedBr                     000000AB
LATA                              0000010C
LATA0                             00000000
LATA1                             00000001
LATA2                             00000002
LATA4                             00000004
LATA5                             00000005
LATB                              0000010D
LATB4                             00000004
LATB5                             00000005
LATB6                             00000006
LATB7                             00000007
LATC                              0000010E
LATC0                             00000000
LATC1                             00000001
LATC2                             00000002
LATC3                             00000003
LATC4                             00000004
LATC5                             00000005
LATC6                             00000006
MPASM 5.87  /HOME/CYRILS/MPLABXPROJECTS/PIC_   2-8-2024  22:05:09         PAGE 17


SYMBOL TABLE
  LABEL                             VALUE 

LATC7                             00000007
LAT_ICDCLK                        00000004
LAT_ICDDAT                        00000005
LC1D1S0                           00000000
LC1D1S1                           00000001
LC1D1S2                           00000002
LC1D2S0                           00000004
LC1D2S1                           00000005
LC1D2S2                           00000006
LC1D3S0                           00000000
LC1D3S1                           00000001
LC1D3S2                           00000002
LC1D4S0                           00000004
LC1D4S1                           00000005
LC1D4S2                           00000006
LC1EN                             00000007
LC1G1D1N                          00000000
LC1G1D1T                          00000001
LC1G1D2N                          00000002
LC1G1D2T                          00000003
LC1G1D3N                          00000004
LC1G1D3T                          00000005
LC1G1D4N                          00000006
LC1G1D4T                          00000007
LC1G1POL                          00000000
LC1G2D1N                          00000000
LC1G2D1T                          00000001
LC1G2D2N                          00000002
LC1G2D2T                          00000003
LC1G2D3N                          00000004
LC1G2D3T                          00000005
LC1G2D4N                          00000006
LC1G2D4T                          00000007
LC1G2POL                          00000001
LC1G3D1N                          00000000
LC1G3D1T                          00000001
LC1G3D2N                          00000002
LC1G3D2T                          00000003
LC1G3D3N                          00000004
LC1G3D3T                          00000005
LC1G3D4N                          00000006
LC1G3D4T                          00000007
LC1G3POL                          00000002
LC1G4D1N                          00000000
LC1G4D1T                          00000001
LC1G4D2N                          00000002
LC1G4D2T                          00000003
LC1G4D3N                          00000004
LC1G4D3T                          00000005
LC1G4D4N                          00000006
LC1G4D4T                          00000007
LC1G4POL                          00000003
LC1INTN                           00000003
MPASM 5.87  /HOME/CYRILS/MPLABXPROJECTS/PIC_   2-8-2024  22:05:09         PAGE 18


SYMBOL TABLE
  LABEL                             VALUE 

LC1INTP                           00000004
LC1MODE0                          00000000
LC1MODE1                          00000001
LC1MODE2                          00000002
LC1OE                             00000006
LC1OUT                            00000005
LC1POL                            00000007
LC2D1S0                           00000000
LC2D1S1                           00000001
LC2D1S2                           00000002
LC2D2S0                           00000004
LC2D2S1                           00000005
LC2D2S2                           00000006
LC2D3S0                           00000000
LC2D3S1                           00000001
LC2D3S2                           00000002
LC2D4S0                           00000004
LC2D4S1                           00000005
LC2D4S2                           00000006
LC2EN                             00000007
LC2G1D1N                          00000000
LC2G1D1T                          00000001
LC2G1D2N                          00000002
LC2G1D2T                          00000003
LC2G1D3N                          00000004
LC2G1D3T                          00000005
LC2G1D4N                          00000006
LC2G1D4T                          00000007
LC2G1POL                          00000000
LC2G2D1N                          00000000
LC2G2D1T                          00000001
LC2G2D2N                          00000002
LC2G2D2T                          00000003
LC2G2D3N                          00000004
LC2G2D3T                          00000005
LC2G2D4N                          00000006
LC2G2D4T                          00000007
LC2G2POL                          00000001
LC2G3D1N                          00000000
LC2G3D1T                          00000001
LC2G3D2N                          00000002
LC2G3D2T                          00000003
LC2G3D3N                          00000004
LC2G3D3T                          00000005
LC2G3D4N                          00000006
LC2G3D4T                          00000007
LC2G3POL                          00000002
LC2G4D1N                          00000000
LC2G4D1T                          00000001
LC2G4D2N                          00000002
LC2G4D2T                          00000003
LC2G4D3N                          00000004
LC2G4D3T                          00000005
MPASM 5.87  /HOME/CYRILS/MPLABXPROJECTS/PIC_   2-8-2024  22:05:09         PAGE 19


SYMBOL TABLE
  LABEL                             VALUE 

LC2G4D4N                          00000006
LC2G4D4T                          00000007
LC2G4POL                          00000003
LC2INTN                           00000003
LC2INTP                           00000004
LC2MODE0                          00000000
LC2MODE1                          00000001
LC2MODE2                          00000002
LC2OE                             00000006
LC2OUT                            00000005
LC2POL                            00000007
LC3D1S0                           00000000
LC3D1S1                           00000001
LC3D1S2                           00000002
LC3D2S0                           00000004
LC3D2S1                           00000005
LC3D2S2                           00000006
LC3D3S0                           00000000
LC3D3S1                           00000001
LC3D3S2                           00000002
LC3D4S0                           00000004
LC3D4S1                           00000005
LC3D4S2                           00000006
LC3EN                             00000007
LC3G1D1N                          00000000
LC3G1D1T                          00000001
LC3G1D2N                          00000002
LC3G1D2T                          00000003
LC3G1D3N                          00000004
LC3G1D3T                          00000005
LC3G1D4N                          00000006
LC3G1D4T                          00000007
LC3G1POL                          00000000
LC3G2D1N                          00000000
LC3G2D1T                          00000001
LC3G2D2N                          00000002
LC3G2D2T                          00000003
LC3G2D3N                          00000004
LC3G2D3T                          00000005
LC3G2D4N                          00000006
LC3G2D4T                          00000007
LC3G2POL                          00000001
LC3G3D1N                          00000000
LC3G3D1T                          00000001
LC3G3D2N                          00000002
LC3G3D2T                          00000003
LC3G3D3N                          00000004
LC3G3D3T                          00000005
LC3G3D4N                          00000006
LC3G3D4T                          00000007
LC3G3POL                          00000002
LC3G4D1N                          00000000
LC3G4D1T                          00000001
MPASM 5.87  /HOME/CYRILS/MPLABXPROJECTS/PIC_   2-8-2024  22:05:09         PAGE 20


SYMBOL TABLE
  LABEL                             VALUE 

LC3G4D2N                          00000002
LC3G4D2T                          00000003
LC3G4D3N                          00000004
LC3G4D3T                          00000005
LC3G4D4N                          00000006
LC3G4D4T                          00000007
LC3G4POL                          00000003
LC3INTN                           00000003
LC3INTP                           00000004
LC3MODE0                          00000000
LC3MODE1                          00000001
LC3MODE2                          00000002
LC3OE                             00000006
LC3OUT                            00000005
LC3POL                            00000007
LC4D1S0                           00000000
LC4D1S1                           00000001
LC4D1S2                           00000002
LC4D2S0                           00000004
LC4D2S1                           00000005
LC4D2S2                           00000006
LC4D3S0                           00000000
LC4D3S1                           00000001
LC4D3S2                           00000002
LC4D4S0                           00000004
LC4D4S1                           00000005
LC4D4S2                           00000006
LC4EN                             00000007
LC4G1D1N                          00000000
LC4G1D1T                          00000001
LC4G1D2N                          00000002
LC4G1D2T                          00000003
LC4G1D3N                          00000004
LC4G1D3T                          00000005
LC4G1D4N                          00000006
LC4G1D4T                          00000007
LC4G1POL                          00000000
LC4G2D1N                          00000000
LC4G2D1T                          00000001
LC4G2D2N                          00000002
LC4G2D2T                          00000003
LC4G2D3N                          00000004
LC4G2D3T                          00000005
LC4G2D4N                          00000006
LC4G2D4T                          00000007
LC4G2POL                          00000001
LC4G3D1N                          00000000
LC4G3D1T                          00000001
LC4G3D2N                          00000002
LC4G3D2T                          00000003
LC4G3D3N                          00000004
LC4G3D3T                          00000005
LC4G3D4N                          00000006
MPASM 5.87  /HOME/CYRILS/MPLABXPROJECTS/PIC_   2-8-2024  22:05:09         PAGE 21


SYMBOL TABLE
  LABEL                             VALUE 

LC4G3D4T                          00000007
LC4G3POL                          00000002
LC4G4D1N                          00000000
LC4G4D1T                          00000001
LC4G4D2N                          00000002
LC4G4D2T                          00000003
LC4G4D3N                          00000004
LC4G4D3T                          00000005
LC4G4D4N                          00000006
LC4G4D4T                          00000007
LC4G4POL                          00000003
LC4INTN                           00000003
LC4INTP                           00000004
LC4MODE0                          00000000
LC4MODE1                          00000001
LC4MODE2                          00000002
LC4OE                             00000006
LC4OUT                            00000005
LC4POL                            00000007
LCEN                              00000007
LCINTN                            00000003
LCINTP                            00000004
LCMODE0                           00000000
LCMODE1                           00000001
LCMODE2                           00000002
LCOE                              00000006
LCOUT                             00000005
LED1                              PWM1DCH
LED2                              PWM2DCH
LED3                              PWM3DCH
LFIOFR                            00000001
LWLO                              00000005
Loop                              00000029
MC1OUT                            00000000
MC2OUT                            00000001
MCLC1OUT                          00000000
MCLC2OUT                          00000001
MCLC3OUT                          00000002
MCLC4OUT                          00000003
MapToRGB                          00000044
MultiplyLoop                      0000009B
N1CKS0                            00000000
N1CKS1                            00000001
N1EN                              00000007
N1OE                              00000006
N1OUT                             00000005
N1PFM                             00000000
N1POL                             00000004
N1PWS0                            00000005
N1PWS1                            00000006
N1PWS2                            00000007
NCO1ACC                           00000498
NCO1ACC0                          00000000
MPASM 5.87  /HOME/CYRILS/MPLABXPROJECTS/PIC_   2-8-2024  22:05:09         PAGE 22


SYMBOL TABLE
  LABEL                             VALUE 

NCO1ACC1                          00000001
NCO1ACC10                         00000002
NCO1ACC11                         00000003
NCO1ACC12                         00000004
NCO1ACC13                         00000005
NCO1ACC14                         00000006
NCO1ACC15                         00000007
NCO1ACC16                         00000000
NCO1ACC17                         00000001
NCO1ACC18                         00000002
NCO1ACC19                         00000003
NCO1ACC2                          00000002
NCO1ACC3                          00000003
NCO1ACC4                          00000004
NCO1ACC5                          00000005
NCO1ACC6                          00000006
NCO1ACC7                          00000007
NCO1ACC8                          00000000
NCO1ACC9                          00000001
NCO1ACCH                          00000499
NCO1ACCL                          00000498
NCO1ACCU                          0000049A
NCO1CLK                           0000049F
NCO1CON                           0000049E
NCO1IE                            00000002
NCO1IF                            00000002
NCO1INC                           0000049B
NCO1INC0                          00000000
NCO1INC1                          00000001
NCO1INC10                         00000002
NCO1INC11                         00000003
NCO1INC12                         00000004
NCO1INC13                         00000005
NCO1INC14                         00000006
NCO1INC15                         00000007
NCO1INC2                          00000002
NCO1INC3                          00000003
NCO1INC4                          00000004
NCO1INC5                          00000005
NCO1INC6                          00000006
NCO1INC7                          00000007
NCO1INC8                          00000000
NCO1INC9                          00000001
NCO1INCH                          0000049C
NCO1INCL                          0000049B
NCO1INCU                          0000049D
NCO1SEL                           00000000
NCOSEL                            00000000
NOT_BOR                           00000000
NOT_PD                            00000003
NOT_POR                           00000001
NOT_RI                            00000002
NOT_RMCLR                         00000003
MPASM 5.87  /HOME/CYRILS/MPLABXPROJECTS/PIC_   2-8-2024  22:05:09         PAGE 23


SYMBOL TABLE
  LABEL                             VALUE 

NOT_RWDT                          00000004
NOT_T1SYNC                        00000002
NOT_TO                            00000004
NOT_WPUEN                         00000007
OERR                              00000001
OPTION_REG                        00000095
OSCCON                            00000099
OSCSTAT                           0000009A
OSFIE                             00000007
OSFIF                             00000007
OSTS                              00000005
P                                 00000004
PCIE                              00000006
PCL                               00000002
PCLATH                            0000000A
PCLATH_SHAD                       00000FE7
PCON                              00000096
PEIE                              00000006
PEN                               00000002
PIE1                              00000091
PIE2                              00000092
PIE3                              00000093
PIR1                              00000011
PIR2                              00000012
PIR3                              00000013
PMADR                             00000191
PMADRH                            00000192
PMADRL                            00000191
PMCON1                            00000195
PMCON2                            00000196
PMDAT                             00000193
PMDATH                            00000194
PMDATL                            00000193
POL                               00000007
PORTA                             0000000C
PORTB                             0000000D
PORTC                             0000000E
PORT_ICDCLK                       00000006
PORT_ICDDAT                       00000007
PR2                               0000001B
PS0                               00000000
PS1                               00000001
PS2                               00000002
PSA                               00000003
PWM1CON                           00000613
PWM1CON0                          00000613
PWM1DCH                           00000612
PWM1DCH0                          00000000
PWM1DCH1                          00000001
PWM1DCH2                          00000002
PWM1DCH3                          00000003
PWM1DCH4                          00000004
PWM1DCH5                          00000005
MPASM 5.87  /HOME/CYRILS/MPLABXPROJECTS/PIC_   2-8-2024  22:05:09         PAGE 24


SYMBOL TABLE
  LABEL                             VALUE 

PWM1DCH6                          00000006
PWM1DCH7                          00000007
PWM1DCL                           00000611
PWM1DCL0                          00000006
PWM1DCL1                          00000007
PWM1EN                            00000007
PWM1OE                            00000006
PWM1OUT                           00000005
PWM1POL                           00000004
PWM2CON                           00000616
PWM2CON0                          00000616
PWM2DCH                           00000615
PWM2DCH0                          00000000
PWM2DCH1                          00000001
PWM2DCH2                          00000002
PWM2DCH3                          00000003
PWM2DCH4                          00000004
PWM2DCH5                          00000005
PWM2DCH6                          00000006
PWM2DCH7                          00000007
PWM2DCL                           00000614
PWM2DCL0                          00000006
PWM2DCL1                          00000007
PWM2EN                            00000007
PWM2OE                            00000006
PWM2OUT                           00000005
PWM2POL                           00000004
PWM3CON                           00000619
PWM3CON0                          00000619
PWM3DCH                           00000618
PWM3DCH0                          00000000
PWM3DCH1                          00000001
PWM3DCH2                          00000002
PWM3DCH3                          00000003
PWM3DCH4                          00000004
PWM3DCH5                          00000005
PWM3DCH6                          00000006
PWM3DCH7                          00000007
PWM3DCL                           00000617
PWM3DCL0                          00000006
PWM3DCL1                          00000007
PWM3EN                            00000007
PWM3OE                            00000006
PWM3OUT                           00000005
PWM3POL                           00000004
PWM4CON                           0000061C
PWM4CON0                          0000061C
PWM4DCH                           0000061B
PWM4DCH0                          00000000
PWM4DCH1                          00000001
PWM4DCH2                          00000002
PWM4DCH3                          00000003
PWM4DCH4                          00000004
MPASM 5.87  /HOME/CYRILS/MPLABXPROJECTS/PIC_   2-8-2024  22:05:09         PAGE 25


SYMBOL TABLE
  LABEL                             VALUE 

PWM4DCH5                          00000005
PWM4DCH6                          00000006
PWM4DCH7                          00000007
PWM4DCL                           0000061A
PWM4DCL0                          00000006
PWM4DCL1                          00000007
PWM4EN                            00000007
PWM4OE                            00000006
PWM4OUT                           00000005
PWM4POL                           00000004
RA0                               00000000
RA1                               00000001
RA2                               00000002
RA3                               00000003
RA4                               00000004
RA5                               00000005
RB4                               00000004
RB5                               00000005
RB6                               00000006
RB7                               00000007
RC0                               00000000
RC1                               00000001
RC2                               00000002
RC3                               00000003
RC4                               00000004
RC5                               00000005
RC6                               00000006
RC7                               00000007
RCEN                              00000003
RCIDL                             00000006
RCIE                              00000005
RCIF                              00000005
RCREG                             00000199
RCSTA                             0000019D
RD                                00000000
RSEN                              00000001
RSTVEC                            00000000
RX9                               00000006
RX9D                              00000000
R_NOT_W                           00000002
ReadP1                            0000002E
ReadP2                            00000039
Reserved                          00000000
S                                 00000003
SBCDE                             00000002
SBOREN                            00000007
SCIE                              00000005
SCKP                              00000004
SCS0                              00000000
SCS1                              00000001
SDAHT                             00000003
SEN                               00000000
SENDB                             00000003
MPASM 5.87  /HOME/CYRILS/MPLABXPROJECTS/PIC_   2-8-2024  22:05:09         PAGE 26


SYMBOL TABLE
  LABEL                             VALUE 

SMP                               00000007
SOSCR                             00000007
SPBRG                             0000019B
SPBRGH                            0000019C
SPBRGL                            0000019B
SPEN                              00000007
SREN                              00000005
SSP1ADD                           00000212
SSP1BUF                           00000211
SSP1CON1                          00000215
SSP1CON2                          00000216
SSP1CON3                          00000217
SSP1IE                            00000003
SSP1IF                            00000003
SSP1MSK                           00000213
SSP1STAT                          00000214
SSPADD                            00000212
SSPBUF                            00000211
SSPCON                            00000215
SSPCON1                           00000215
SSPCON2                           00000216
SSPCON3                           00000217
SSPEN                             00000005
SSPM0                             00000000
SSPM1                             00000001
SSPM2                             00000002
SSPM3                             00000003
SSPMSK                            00000213
SSPOV                             00000006
SSPSTAT                           00000214
SSSEL                             00000004
SSTEP                             00000005
STATUS                            00000003
STATUS_SHAD                       00000FE4
STKOVF                            00000007
STKPTR                            00000FED
STKUNF                            00000006
SWDTEN                            00000000
SYNC                              00000004
Section1                          0000005A
Section1Br                        000000A5
Section1_ON                       00000073
Section2                          00000069
Section2Br                        000000AF
Section2_ON                       00000074
Section3                          00000080
Section3Br                        000000B9
Section3_ON                       00000075
SetRGB                            0000004C
Start                             00000006
T0CS                              00000005
T0IE                              00000005
T0IF                              00000002
MPASM 5.87  /HOME/CYRILS/MPLABXPROJECTS/PIC_   2-8-2024  22:05:09         PAGE 27


SYMBOL TABLE
  LABEL                             VALUE 

T0SE                              00000004
T1CKPS0                           00000004
T1CKPS1                           00000005
T1CON                             00000018
T1GCON                            00000019
T1GGO_NOT_DONE                    00000003
T1GPOL                            00000006
T1GSEL                            00000003
T1GSPM                            00000004
T1GSS0                            00000000
T1GSS1                            00000001
T1GTM                             00000005
T1GVAL                            00000002
T1OSCEN                           00000003
T2CKPS0                           00000000
T2CKPS1                           00000001
T2CON                             0000001C
T2OUTPS0                          00000003
T2OUTPS1                          00000004
T2OUTPS2                          00000005
T2OUTPS3                          00000006
TMR0                              00000015
TMR0CS                            00000005
TMR0IE                            00000005
TMR0IF                            00000002
TMR0SE                            00000004
TMR1                              00000016
TMR1CS0                           00000006
TMR1CS1                           00000007
TMR1GE                            00000007
TMR1GIE                           00000007
TMR1GIF                           00000007
TMR1H                             00000017
TMR1IE                            00000000
TMR1IF                            00000000
TMR1L                             00000016
TMR1ON                            00000000
TMR2                              0000001A
TMR2IE                            00000001
TMR2IF                            00000001
TMR2ON                            00000002
TOSH                              00000FEF
TOSL                              00000FEE
TRIGSEL0                          00000004
TRIGSEL1                          00000005
TRIGSEL2                          00000006
TRIGSEL3                          00000007
TRISA                             0000008C
TRISA0                            00000000
TRISA1                            00000001
TRISA2                            00000002
TRISA3                            00000003
TRISA4                            00000004
MPASM 5.87  /HOME/CYRILS/MPLABXPROJECTS/PIC_   2-8-2024  22:05:09         PAGE 28


SYMBOL TABLE
  LABEL                             VALUE 

TRISA5                            00000005
TRISB                             0000008D
TRISB4                            00000004
TRISB5                            00000005
TRISB6                            00000006
TRISB7                            00000007
TRISC                             0000008E
TRISC0                            00000000
TRISC1                            00000001
TRISC2                            00000002
TRISC3                            00000003
TRISC4                            00000004
TRISC5                            00000005
TRISC6                            00000006
TRISC7                            00000007
TRIS_ICDCLK                       00000002
TRIS_ICDDAT                       00000003
TRMT                              00000001
TRP0HLTF                          00000006
TRP1HLTF                          00000007
TSEN                              00000005
TSRNG                             00000004
TX9                               00000006
TX9D                              00000000
TXEN                              00000005
TXIE                              00000004
TXIF                              00000004
TXREG                             0000019A
TXSTA                             0000019E
UA                                00000001
USRHLTF                           00000001
VREGCON                           00000197
VREGPM                            00000001
W                                 00000000
WCOL                              00000007
WDTCON                            00000097
WDTPS0                            00000001
WDTPS1                            00000002
WDTPS2                            00000003
WDTPS3                            00000004
WDTPS4                            00000005
WPUA                              0000020C
WPUA0                             00000000
WPUA1                             00000001
WPUA2                             00000002
WPUA3                             00000003
WPUA4                             00000004
WPUA5                             00000005
WPUB                              0000020D
WPUB4                             00000004
WPUB5                             00000005
WPUB6                             00000006
WPUB7                             00000007
MPASM 5.87  /HOME/CYRILS/MPLABXPROJECTS/PIC_   2-8-2024  22:05:09         PAGE 29


SYMBOL TABLE
  LABEL                             VALUE 

WR                                00000001
WREG                              00000009
WREG_SHAD                         00000FE5
WREN                              00000002
WRERR                             00000003
WUE                               00000001
Z                                 00000002
Z_SHAD                            00000002
_.org_1_0033                      00000033
_.org_1_003E                      0000003E
_BOREN_NSLEEP                     00003DFF
_BOREN_OFF                        000039FF
_BOREN_ON                         00003FFF
_BOREN_SBODEN                     00003BFF
_BORV_HI                          00003BFF
_BORV_LO                          00003FFF
_CLKOUTEN_OFF                     00003FFF
_CLKOUTEN_ON                      000037FF
_CONFIG1                          00008007
_CONFIG2                          00008008
_CP_OFF                           00003FFF
_CP_ON                            00003F7F
_DEVID1                           00008006
_FCMEN_OFF                        00001FFF
_FCMEN_ON                         00003FFF
_FOSC_ECH                         00003FFF
_FOSC_ECL                         00003FFD
_FOSC_ECM                         00003FFE
_FOSC_EXTRC                       00003FFB
_FOSC_HS                          00003FFA
_FOSC_INTOSC                      00003FFC
_FOSC_LP                          00003FF8
_FOSC_XT                          00003FF9
_IDLOC0                           00008000
_IDLOC1                           00008001
_IDLOC2                           00008002
_IDLOC3                           00008003
_IESO_OFF                         00002FFF
_IESO_ON                          00003FFF
_LPBOR_OFF                        00003FFF
_LPBOR_ON                         000037FF
_LVP_OFF                          00001FFF
_LVP_ON                           00003FFF
_MCLRE_OFF                        00003FBF
_MCLRE_ON                         00003FFF
_PWRTE_OFF                        00003FFF
_PWRTE_ON                         00003FDF
_STVREN_OFF                       00003DFF
_STVREN_ON                        00003FFF
_WDTE_NSLEEP                      00003FF7
_WDTE_OFF                         00003FE7
_WDTE_ON                          00003FFF
_WDTE_SWDTEN                      00003FEF
MPASM 5.87  /HOME/CYRILS/MPLABXPROJECTS/PIC_   2-8-2024  22:05:09         PAGE 30


SYMBOL TABLE
  LABEL                             VALUE 

_WRT_ALL                          00003FFC
_WRT_BOOT                         00003FFE
_WRT_HALF                         00003FFD
_WRT_OFF                          00003FFF
__16F1508                         00000001
blue                              0000007E
brightness                        0000007B
counter                           0000007A
green                             0000007D
prevP1_H                          00000076
prevP1_L                          00000077
prevP2_H                          00000078
prevP2_L                          00000079
range                             00000072
red                               0000007C
setBrightness                     00000096
temp                              00000070
temp2                             00000071

Errors   :     0
Warnings :     0 reported,     0 suppressed
Messages :    59 reported,     0 suppressed

